13:36:23.838 [main] DEBUG io.netty.buffer.PooledByteBufAllocator - -Dio.netty.allocator.maxOrder: 11
13:36:23.909 [main] DEBUG io.netty.buffer.PooledByteBufAllocator - -Dio.netty.allocator.chunkSize: 16777216
13:36:23.910 [main] DEBUG io.netty.buffer.PooledByteBufAllocator - -Dio.netty.allocator.smallCacheSize: 256
13:36:23.910 [main] DEBUG io.netty.buffer.PooledByteBufAllocator - -Dio.netty.allocator.normalCacheSize: 64
13:36:23.911 [main] DEBUG io.netty.buffer.PooledByteBufAllocator - -Dio.netty.allocator.maxCachedBufferCapacity: 32768
13:36:23.913 [main] DEBUG io.netty.buffer.PooledByteBufAllocator - -Dio.netty.allocator.cacheTrimInterval: 8192
13:36:23.914 [main] DEBUG io.netty.buffer.PooledByteBufAllocator - -Dio.netty.allocator.cacheTrimIntervalMillis: 0
13:36:23.914 [main] DEBUG io.netty.buffer.PooledByteBufAllocator - -Dio.netty.allocator.useCacheForAllThreads: true
13:36:23.915 [main] DEBUG io.netty.buffer.PooledByteBufAllocator - -Dio.netty.allocator.maxCachedByteBuffersPerChunk: 1023
13:36:23.966 [main] DEBUG io.netty.buffer.ByteBufUtil - -Dio.netty.allocator.type: pooled
13:36:23.967 [main] DEBUG io.netty.buffer.ByteBufUtil - -Dio.netty.threadLocalDirectBufferSize: 0
13:36:23.967 [main] DEBUG io.netty.buffer.ByteBufUtil - -Dio.netty.maxThreadLocalCharBufferSize: 16384
13:36:25.946 [Forwarding newSession on session null to remote] DEBUG io.netty.channel.DefaultChannelId - -Dio.netty.processId: 9012 (auto-detected)
13:36:25.954 [Forwarding newSession on session null to remote] DEBUG io.netty.util.NetUtil - -Djava.net.preferIPv4Stack: false
13:36:25.954 [Forwarding newSession on session null to remote] DEBUG io.netty.util.NetUtil - -Djava.net.preferIPv6Addresses: false
13:36:26.110 [Forwarding newSession on session null to remote] DEBUG io.netty.util.NetUtilInitializations - Loopback interface: lo (Software Loopback Interface 1, 127.0.0.1)
13:36:26.114 [Forwarding newSession on session null to remote] DEBUG io.netty.util.NetUtil - Failed to get SOMAXCONN from sysctl and file \proc\sys\net\core\somaxconn. Default: 200
13:36:26.301 [Forwarding newSession on session null to remote] DEBUG io.netty.channel.DefaultChannelId - -Dio.netty.machineId: 28:e3:47:ff:fe:c6:9f:08 (auto-detected)
13:36:26.638 [AsyncHttpClient-1-2] DEBUG io.netty.buffer.AbstractByteBuf - -Dio.netty.buffer.checkAccessible: true
13:36:26.640 [AsyncHttpClient-1-2] DEBUG io.netty.buffer.AbstractByteBuf - -Dio.netty.buffer.checkBounds: true
13:36:26.640 [AsyncHttpClient-1-2] DEBUG io.netty.util.ResourceLeakDetectorFactory - Loaded default ResourceLeakDetector: io.netty.util.ResourceLeakDetector@65241004
13:36:26.763 [AsyncHttpClient-1-2] DEBUG io.netty.util.Recycler - -Dio.netty.recycler.maxCapacityPerThread: 4096
13:36:26.767 [AsyncHttpClient-1-2] DEBUG io.netty.util.Recycler - -Dio.netty.recycler.maxSharedCapacityFactor: 2
13:36:26.767 [AsyncHttpClient-1-2] DEBUG io.netty.util.Recycler - -Dio.netty.recycler.linkCapacity: 16
13:36:26.767 [AsyncHttpClient-1-2] DEBUG io.netty.util.Recycler - -Dio.netty.recycler.ratio: 8
13:36:26.768 [AsyncHttpClient-1-2] DEBUG io.netty.util.Recycler - -Dio.netty.recycler.delayedQueue.ratio: 8
13:36:35.737 [main] DEBUG io.netty.util.internal.ThreadLocalRandom - -Dio.netty.initialSeedUniquifier: 0x7ff91df3e3f1b190
13:36:46.637 [main] INFO  testCases.TC_003_LoginDDT -  Starting TC_003_LoginDDT 
13:36:49.926 [main] INFO  testCases.TC_003_LoginDDT - Home Page Displayed 
13:36:51.644 [main] INFO  testCases.TC_003_LoginDDT - Clicked on My Account 
13:36:53.090 [main] INFO  testCases.TC_003_LoginDDT - Clicked on Login 
13:36:53.703 [main] INFO  testCases.TC_003_LoginDDT - Provided Email 
13:36:54.010 [main] INFO  testCases.TC_003_LoginDDT - Provided Password 
13:36:55.900 [main] INFO  testCases.TC_003_LoginDDT - Clicked on Login
13:36:56.183 [main] INFO  testCases.TC_003_LoginDDT - Login Success 
13:36:58.134 [main] INFO  testCases.TC_003_LoginDDT -  Finished TC_003_LoginDDT 
13:36:58.239 [main] INFO  testCases.TC_003_LoginDDT -  Starting TC_003_LoginDDT 
13:36:59.867 [main] INFO  testCases.TC_003_LoginDDT - Home Page Displayed 
13:37:00.076 [main] INFO  testCases.TC_003_LoginDDT - Clicked on My Account 
13:37:00.974 [main] INFO  testCases.TC_003_LoginDDT - Clicked on Login 
13:37:01.345 [main] INFO  testCases.TC_003_LoginDDT - Provided Email 
13:37:01.528 [main] INFO  testCases.TC_003_LoginDDT - Provided Password 
13:37:02.543 [main] INFO  testCases.TC_003_LoginDDT - Clicked on Login
13:37:12.649 [main] ERROR testCases.TC_003_LoginDDT - Login Failed 
13:37:12.650 [main] INFO  testCases.TC_003_LoginDDT -  Finished TC_003_LoginDDT 
13:37:12.692 [main] INFO  testCases.TC_003_LoginDDT -  Starting TC_003_LoginDDT 
13:37:13.914 [main] INFO  testCases.TC_003_LoginDDT - Home Page Displayed 
13:37:14.155 [main] INFO  testCases.TC_003_LoginDDT - Clicked on My Account 
13:37:14.961 [main] INFO  testCases.TC_003_LoginDDT - Clicked on Login 
13:37:15.259 [main] INFO  testCases.TC_003_LoginDDT - Provided Email 
13:37:15.473 [main] INFO  testCases.TC_003_LoginDDT - Provided Password 
13:37:16.898 [main] INFO  testCases.TC_003_LoginDDT - Clicked on Login
13:37:26.962 [main] ERROR testCases.TC_003_LoginDDT - Login Failed 
13:37:26.963 [main] INFO  testCases.TC_003_LoginDDT -  Finished TC_003_LoginDDT 
13:37:26.993 [main] INFO  testCases.TC_003_LoginDDT -  Starting TC_003_LoginDDT 
13:37:28.668 [main] INFO  testCases.TC_003_LoginDDT - Home Page Displayed 
13:37:28.873 [main] INFO  testCases.TC_003_LoginDDT - Clicked on My Account 
13:37:29.712 [main] INFO  testCases.TC_003_LoginDDT - Clicked on Login 
13:37:29.999 [main] INFO  testCases.TC_003_LoginDDT - Provided Email 
13:37:30.170 [main] INFO  testCases.TC_003_LoginDDT - Provided Password 
13:37:31.137 [main] INFO  testCases.TC_003_LoginDDT - Clicked on Login
13:37:41.234 [main] ERROR testCases.TC_003_LoginDDT - Login Failed 
13:37:41.235 [main] INFO  testCases.TC_003_LoginDDT -  Finished TC_003_LoginDDT 
13:37:41.326 [AsyncHttpClient-1-4] TRACE io.netty.handler.codec.http.websocketx.WebSocket08FrameEncoder - Encoding WebSocket Frame opCode=8 length=26
13:37:48.184 [AsyncHttpClient-1-2] DEBUG io.netty.buffer.PoolThreadCache - Freed 28 thread-local buffer(s) from thread: AsyncHttpClient-1-2
13:37:48.184 [AsyncHttpClient-1-4] DEBUG io.netty.buffer.PoolThreadCache - Freed 4 thread-local buffer(s) from thread: AsyncHttpClient-1-4
13:37:48.193 [AsyncHttpClient-1-3] DEBUG io.netty.buffer.PoolThreadCache - Freed 2 thread-local buffer(s) from thread: AsyncHttpClient-1-3
14:26:05.288 [main] DEBUG io.netty.util.internal.logging.InternalLoggerFactory - Using Log4J2 as the default logging framework
14:26:05.330 [main] DEBUG io.netty.util.ResourceLeakDetector - -Dio.netty.leakDetection.level: simple
14:26:05.330 [main] DEBUG io.netty.util.ResourceLeakDetector - -Dio.netty.leakDetection.targetRecords: 4
14:26:05.345 [main] DEBUG io.netty.util.ResourceLeakDetectorFactory - Loaded default ResourceLeakDetector: io.netty.util.ResourceLeakDetector@f713686
14:26:05.414 [main] DEBUG io.netty.util.internal.PlatformDependent - Platform: Windows
14:26:05.419 [main] DEBUG io.netty.util.internal.PlatformDependent0 - -Dio.netty.noUnsafe: false
14:26:05.420 [main] DEBUG io.netty.util.internal.PlatformDependent0 - Java version: 8
14:26:05.424 [main] DEBUG io.netty.util.internal.PlatformDependent0 - sun.misc.Unsafe.theUnsafe: available
14:26:05.426 [main] DEBUG io.netty.util.internal.PlatformDependent0 - sun.misc.Unsafe.copyMemory: available
14:26:05.428 [main] DEBUG io.netty.util.internal.PlatformDependent0 - java.nio.Buffer.address: available
14:26:05.431 [main] DEBUG io.netty.util.internal.PlatformDependent0 - direct buffer constructor: available
14:26:05.434 [main] DEBUG io.netty.util.internal.PlatformDependent0 - java.nio.Bits.unaligned: available, true
14:26:05.434 [main] DEBUG io.netty.util.internal.PlatformDependent0 - jdk.internal.misc.Unsafe.allocateUninitializedArray(int): unavailable prior to Java9
14:26:05.434 [main] DEBUG io.netty.util.internal.PlatformDependent0 - java.nio.DirectByteBuffer.<init>(long, int): available
14:26:05.435 [main] DEBUG io.netty.util.internal.PlatformDependent - sun.misc.Unsafe: available
14:26:05.437 [main] DEBUG io.netty.util.internal.PlatformDependent - -Dio.netty.tmpdir: C:\Users\Julius\AppData\Local\Temp (java.io.tmpdir)
14:26:05.437 [main] DEBUG io.netty.util.internal.PlatformDependent - -Dio.netty.bitMode: 64 (sun.arch.data.model)
14:26:05.441 [main] DEBUG io.netty.util.internal.PlatformDependent - -Dio.netty.maxDirectMemory: 928514048 bytes
14:26:05.442 [main] DEBUG io.netty.util.internal.PlatformDependent - -Dio.netty.uninitializedArrayAllocationThreshold: -1
14:26:05.446 [main] DEBUG io.netty.util.internal.CleanerJava6 - java.nio.ByteBuffer.cleaner(): available
14:26:05.446 [main] DEBUG io.netty.util.internal.PlatformDependent - -Dio.netty.noPreferDirect: false
14:26:05.486 [main] DEBUG io.netty.util.internal.PlatformDependent - org.jctools-core.MpscChunkedArrayQueue: available
14:26:05.563 [main] DEBUG io.netty.util.internal.InternalThreadLocalMap - -Dio.netty.threadLocalMap.stringBuilder.initialSize: 1024
14:26:05.563 [main] DEBUG io.netty.util.internal.InternalThreadLocalMap - -Dio.netty.threadLocalMap.stringBuilder.maxSize: 4096
14:26:05.609 [main] DEBUG io.netty.handler.ssl.JdkSslContext - Default protocols (JDK): [TLSv1.2, TLSv1.1, TLSv1] 
14:26:05.610 [main] DEBUG io.netty.handler.ssl.JdkSslContext - Default cipher suites (JDK): [TLS_ECDHE_ECDSA_WITH_AES_256_GCM_SHA384, TLS_ECDHE_ECDSA_WITH_AES_128_GCM_SHA256, TLS_ECDHE_RSA_WITH_AES_128_GCM_SHA256, TLS_ECDHE_RSA_WITH_AES_256_GCM_SHA384, TLS_ECDHE_RSA_WITH_AES_128_CBC_SHA, TLS_ECDHE_RSA_WITH_AES_256_CBC_SHA, TLS_RSA_WITH_AES_128_GCM_SHA256, TLS_RSA_WITH_AES_128_CBC_SHA, TLS_RSA_WITH_AES_256_CBC_SHA]
14:26:05.719 [main] DEBUG io.netty.channel.MultithreadEventLoopGroup - -Dio.netty.eventLoopThreads: 8
14:26:05.791 [main] DEBUG io.netty.channel.nio.NioEventLoop - -Dio.netty.noKeySetOptimization: false
14:26:05.792 [main] DEBUG io.netty.channel.nio.NioEventLoop - -Dio.netty.selectorAutoRebuildThreshold: 512
14:26:05.830 [main] TRACE io.netty.channel.nio.NioEventLoop - instrumented a special java.util.Set into: sun.nio.ch.WindowsSelectorImpl@632aa1a3
14:26:05.834 [main] TRACE io.netty.channel.nio.NioEventLoop - instrumented a special java.util.Set into: sun.nio.ch.WindowsSelectorImpl@2899a8db
14:26:05.837 [main] TRACE io.netty.channel.nio.NioEventLoop - instrumented a special java.util.Set into: sun.nio.ch.WindowsSelectorImpl@1e8823d2
14:26:05.841 [main] TRACE io.netty.channel.nio.NioEventLoop - instrumented a special java.util.Set into: sun.nio.ch.WindowsSelectorImpl@c1a4620
14:26:05.844 [main] TRACE io.netty.channel.nio.NioEventLoop - instrumented a special java.util.Set into: sun.nio.ch.WindowsSelectorImpl@76b0ae1b
14:26:05.847 [main] TRACE io.netty.channel.nio.NioEventLoop - instrumented a special java.util.Set into: sun.nio.ch.WindowsSelectorImpl@130a0f66
14:26:05.850 [main] TRACE io.netty.channel.nio.NioEventLoop - instrumented a special java.util.Set into: sun.nio.ch.WindowsSelectorImpl@4c432866
14:26:05.853 [main] TRACE io.netty.channel.nio.NioEventLoop - instrumented a special java.util.Set into: sun.nio.ch.WindowsSelectorImpl@12365c88
14:26:05.931 [main] DEBUG io.netty.buffer.PooledByteBufAllocator - -Dio.netty.allocator.numHeapArenas: 8
14:26:05.931 [main] DEBUG io.netty.buffer.PooledByteBufAllocator - -Dio.netty.allocator.numDirectArenas: 8
14:26:05.931 [main] DEBUG io.netty.buffer.PooledByteBufAllocator - -Dio.netty.allocator.pageSize: 8192
14:26:05.932 [main] DEBUG io.netty.buffer.PooledByteBufAllocator - -Dio.netty.allocator.maxOrder: 11
14:26:05.932 [main] DEBUG io.netty.buffer.PooledByteBufAllocator - -Dio.netty.allocator.chunkSize: 16777216
14:26:05.932 [main] DEBUG io.netty.buffer.PooledByteBufAllocator - -Dio.netty.allocator.smallCacheSize: 256
14:26:05.932 [main] DEBUG io.netty.buffer.PooledByteBufAllocator - -Dio.netty.allocator.normalCacheSize: 64
14:26:05.933 [main] DEBUG io.netty.buffer.PooledByteBufAllocator - -Dio.netty.allocator.maxCachedBufferCapacity: 32768
14:26:05.933 [main] DEBUG io.netty.buffer.PooledByteBufAllocator - -Dio.netty.allocator.cacheTrimInterval: 8192
14:26:05.933 [main] DEBUG io.netty.buffer.PooledByteBufAllocator - -Dio.netty.allocator.cacheTrimIntervalMillis: 0
14:26:05.934 [main] DEBUG io.netty.buffer.PooledByteBufAllocator - -Dio.netty.allocator.useCacheForAllThreads: true
14:26:05.935 [main] DEBUG io.netty.buffer.PooledByteBufAllocator - -Dio.netty.allocator.maxCachedByteBuffersPerChunk: 1023
14:26:06.036 [main] DEBUG io.netty.buffer.ByteBufUtil - -Dio.netty.allocator.type: pooled
14:26:06.037 [main] DEBUG io.netty.buffer.ByteBufUtil - -Dio.netty.threadLocalDirectBufferSize: 0
14:26:06.037 [main] DEBUG io.netty.buffer.ByteBufUtil - -Dio.netty.maxThreadLocalCharBufferSize: 16384
14:26:08.774 [Forwarding newSession on session null to remote] DEBUG io.netty.channel.DefaultChannelId - -Dio.netty.processId: 3432 (auto-detected)
14:26:08.781 [Forwarding newSession on session null to remote] DEBUG io.netty.util.NetUtil - -Djava.net.preferIPv4Stack: false
14:26:08.782 [Forwarding newSession on session null to remote] DEBUG io.netty.util.NetUtil - -Djava.net.preferIPv6Addresses: false
14:26:08.930 [Forwarding newSession on session null to remote] DEBUG io.netty.util.NetUtilInitializations - Loopback interface: lo (Software Loopback Interface 1, 127.0.0.1)
14:26:08.935 [Forwarding newSession on session null to remote] DEBUG io.netty.util.NetUtil - Failed to get SOMAXCONN from sysctl and file \proc\sys\net\core\somaxconn. Default: 200
14:26:09.134 [Forwarding newSession on session null to remote] DEBUG io.netty.channel.DefaultChannelId - -Dio.netty.machineId: 28:e3:47:ff:fe:c6:9f:08 (auto-detected)
14:26:09.426 [AsyncHttpClient-1-2] DEBUG io.netty.buffer.AbstractByteBuf - -Dio.netty.buffer.checkAccessible: true
14:26:09.427 [AsyncHttpClient-1-2] DEBUG io.netty.buffer.AbstractByteBuf - -Dio.netty.buffer.checkBounds: true
14:26:09.428 [AsyncHttpClient-1-2] DEBUG io.netty.util.ResourceLeakDetectorFactory - Loaded default ResourceLeakDetector: io.netty.util.ResourceLeakDetector@4a9530f2
14:26:09.533 [AsyncHttpClient-1-2] DEBUG io.netty.util.Recycler - -Dio.netty.recycler.maxCapacityPerThread: 4096
14:26:09.534 [AsyncHttpClient-1-2] DEBUG io.netty.util.Recycler - -Dio.netty.recycler.maxSharedCapacityFactor: 2
14:26:09.534 [AsyncHttpClient-1-2] DEBUG io.netty.util.Recycler - -Dio.netty.recycler.linkCapacity: 16
14:26:09.534 [AsyncHttpClient-1-2] DEBUG io.netty.util.Recycler - -Dio.netty.recycler.ratio: 8
14:26:09.535 [AsyncHttpClient-1-2] DEBUG io.netty.util.Recycler - -Dio.netty.recycler.delayedQueue.ratio: 8
14:26:15.004 [main] DEBUG io.netty.util.internal.ThreadLocalRandom - -Dio.netty.initialSeedUniquifier: 0x58579d708f77be98
14:26:20.447 [main] INFO  testCases.TC_003_LoginDDT -  Starting TC_003_LoginDDT 
14:26:33.355 [main] INFO  testCases.TC_003_LoginDDT - Home Page Displayed 
14:26:34.627 [main] INFO  testCases.TC_003_LoginDDT - Clicked on My Account 
14:26:35.665 [main] INFO  testCases.TC_003_LoginDDT - Clicked on Login 
14:26:36.107 [main] INFO  testCases.TC_003_LoginDDT - Provided Email 
14:26:36.318 [main] INFO  testCases.TC_003_LoginDDT - Provided Password 
14:26:38.181 [main] INFO  testCases.TC_003_LoginDDT - Clicked on Login
14:26:38.532 [main] INFO  testCases.TC_003_LoginDDT - Login Success 
14:26:48.748 [main] FATAL testCases.TC_003_LoginDDT - Login Failed 
14:26:48.957 [main] INFO  testCases.TC_003_LoginDDT -  Starting TC_003_LoginDDT 
14:26:50.516 [main] INFO  testCases.TC_003_LoginDDT - Home Page Displayed 
14:26:50.794 [main] INFO  testCases.TC_003_LoginDDT - Clicked on My Account 
14:27:00.892 [main] FATAL testCases.TC_003_LoginDDT - Login Failed 
14:27:00.929 [main] INFO  testCases.TC_003_LoginDDT -  Starting TC_003_LoginDDT 
14:27:02.102 [main] INFO  testCases.TC_003_LoginDDT - Home Page Displayed 
14:27:02.343 [main] INFO  testCases.TC_003_LoginDDT - Clicked on My Account 
14:27:12.451 [main] FATAL testCases.TC_003_LoginDDT - Login Failed 
14:27:12.488 [main] INFO  testCases.TC_003_LoginDDT -  Starting TC_003_LoginDDT 
14:27:13.864 [main] INFO  testCases.TC_003_LoginDDT - Home Page Displayed 
14:27:14.159 [main] INFO  testCases.TC_003_LoginDDT - Clicked on My Account 
14:27:24.222 [main] FATAL testCases.TC_003_LoginDDT - Login Failed 
14:27:24.267 [AsyncHttpClient-1-4] TRACE io.netty.handler.codec.http.websocketx.WebSocket08FrameEncoder - Encoding WebSocket Frame opCode=8 length=26
14:27:47.223 [AsyncHttpClient-1-3] DEBUG io.netty.buffer.PoolThreadCache - Freed 2 thread-local buffer(s) from thread: AsyncHttpClient-1-3
14:28:45.395 [main] DEBUG io.netty.util.internal.logging.InternalLoggerFactory - Using Log4J2 as the default logging framework
14:28:45.451 [main] DEBUG io.netty.util.ResourceLeakDetector - -Dio.netty.leakDetection.level: simple
14:28:45.452 [main] DEBUG io.netty.util.ResourceLeakDetector - -Dio.netty.leakDetection.targetRecords: 4
14:28:45.468 [main] DEBUG io.netty.util.ResourceLeakDetectorFactory - Loaded default ResourceLeakDetector: io.netty.util.ResourceLeakDetector@56f6d40b
14:28:45.561 [main] DEBUG io.netty.util.internal.PlatformDependent - Platform: Windows
14:28:45.570 [main] DEBUG io.netty.util.internal.PlatformDependent0 - -Dio.netty.noUnsafe: false
14:28:45.571 [main] DEBUG io.netty.util.internal.PlatformDependent0 - Java version: 8
14:28:45.575 [main] DEBUG io.netty.util.internal.PlatformDependent0 - sun.misc.Unsafe.theUnsafe: available
14:28:45.579 [main] DEBUG io.netty.util.internal.PlatformDependent0 - sun.misc.Unsafe.copyMemory: available
14:28:45.581 [main] DEBUG io.netty.util.internal.PlatformDependent0 - java.nio.Buffer.address: available
14:28:45.583 [main] DEBUG io.netty.util.internal.PlatformDependent0 - direct buffer constructor: available
14:28:45.586 [main] DEBUG io.netty.util.internal.PlatformDependent0 - java.nio.Bits.unaligned: available, true
14:28:45.586 [main] DEBUG io.netty.util.internal.PlatformDependent0 - jdk.internal.misc.Unsafe.allocateUninitializedArray(int): unavailable prior to Java9
14:28:45.587 [main] DEBUG io.netty.util.internal.PlatformDependent0 - java.nio.DirectByteBuffer.<init>(long, int): available
14:28:45.587 [main] DEBUG io.netty.util.internal.PlatformDependent - sun.misc.Unsafe: available
14:28:45.590 [main] DEBUG io.netty.util.internal.PlatformDependent - -Dio.netty.tmpdir: C:\Users\Julius\AppData\Local\Temp (java.io.tmpdir)
14:28:45.591 [main] DEBUG io.netty.util.internal.PlatformDependent - -Dio.netty.bitMode: 64 (sun.arch.data.model)
14:28:45.597 [main] DEBUG io.netty.util.internal.PlatformDependent - -Dio.netty.maxDirectMemory: 928514048 bytes
14:28:45.597 [main] DEBUG io.netty.util.internal.PlatformDependent - -Dio.netty.uninitializedArrayAllocationThreshold: -1
14:28:45.604 [main] DEBUG io.netty.util.internal.CleanerJava6 - java.nio.ByteBuffer.cleaner(): available
14:28:45.605 [main] DEBUG io.netty.util.internal.PlatformDependent - -Dio.netty.noPreferDirect: false
14:28:45.655 [main] DEBUG io.netty.util.internal.PlatformDependent - org.jctools-core.MpscChunkedArrayQueue: available
14:28:45.755 [main] DEBUG io.netty.util.internal.InternalThreadLocalMap - -Dio.netty.threadLocalMap.stringBuilder.initialSize: 1024
14:28:45.755 [main] DEBUG io.netty.util.internal.InternalThreadLocalMap - -Dio.netty.threadLocalMap.stringBuilder.maxSize: 4096
14:28:45.879 [main] DEBUG io.netty.handler.ssl.JdkSslContext - Default protocols (JDK): [TLSv1.2, TLSv1.1, TLSv1] 
14:28:45.879 [main] DEBUG io.netty.handler.ssl.JdkSslContext - Default cipher suites (JDK): [TLS_ECDHE_ECDSA_WITH_AES_256_GCM_SHA384, TLS_ECDHE_ECDSA_WITH_AES_128_GCM_SHA256, TLS_ECDHE_RSA_WITH_AES_128_GCM_SHA256, TLS_ECDHE_RSA_WITH_AES_256_GCM_SHA384, TLS_ECDHE_RSA_WITH_AES_128_CBC_SHA, TLS_ECDHE_RSA_WITH_AES_256_CBC_SHA, TLS_RSA_WITH_AES_128_GCM_SHA256, TLS_RSA_WITH_AES_128_CBC_SHA, TLS_RSA_WITH_AES_256_CBC_SHA]
14:28:46.048 [main] DEBUG io.netty.channel.MultithreadEventLoopGroup - -Dio.netty.eventLoopThreads: 8
14:28:46.100 [main] DEBUG io.netty.channel.nio.NioEventLoop - -Dio.netty.noKeySetOptimization: false
14:28:46.100 [main] DEBUG io.netty.channel.nio.NioEventLoop - -Dio.netty.selectorAutoRebuildThreshold: 512
14:28:46.164 [main] TRACE io.netty.channel.nio.NioEventLoop - instrumented a special java.util.Set into: sun.nio.ch.WindowsSelectorImpl@2fd1731c
14:28:46.169 [main] TRACE io.netty.channel.nio.NioEventLoop - instrumented a special java.util.Set into: sun.nio.ch.WindowsSelectorImpl@1133ec6e
14:28:46.177 [main] TRACE io.netty.channel.nio.NioEventLoop - instrumented a special java.util.Set into: sun.nio.ch.WindowsSelectorImpl@355e34c7
14:28:46.181 [main] TRACE io.netty.channel.nio.NioEventLoop - instrumented a special java.util.Set into: sun.nio.ch.WindowsSelectorImpl@54709809
14:28:46.184 [main] TRACE io.netty.channel.nio.NioEventLoop - instrumented a special java.util.Set into: sun.nio.ch.WindowsSelectorImpl@2a2da905
14:28:46.193 [main] TRACE io.netty.channel.nio.NioEventLoop - instrumented a special java.util.Set into: sun.nio.ch.WindowsSelectorImpl@24f360b2
14:28:46.197 [main] TRACE io.netty.channel.nio.NioEventLoop - instrumented a special java.util.Set into: sun.nio.ch.WindowsSelectorImpl@60cf80e7
14:28:46.201 [main] TRACE io.netty.channel.nio.NioEventLoop - instrumented a special java.util.Set into: sun.nio.ch.WindowsSelectorImpl@302fec27
14:28:46.320 [main] DEBUG io.netty.buffer.PooledByteBufAllocator - -Dio.netty.allocator.numHeapArenas: 8
14:28:46.321 [main] DEBUG io.netty.buffer.PooledByteBufAllocator - -Dio.netty.allocator.numDirectArenas: 8
14:28:46.321 [main] DEBUG io.netty.buffer.PooledByteBufAllocator - -Dio.netty.allocator.pageSize: 8192
14:28:46.321 [main] DEBUG io.netty.buffer.PooledByteBufAllocator - -Dio.netty.allocator.maxOrder: 11
14:28:46.322 [main] DEBUG io.netty.buffer.PooledByteBufAllocator - -Dio.netty.allocator.chunkSize: 16777216
14:28:46.322 [main] DEBUG io.netty.buffer.PooledByteBufAllocator - -Dio.netty.allocator.smallCacheSize: 256
14:28:46.322 [main] DEBUG io.netty.buffer.PooledByteBufAllocator - -Dio.netty.allocator.normalCacheSize: 64
14:28:46.322 [main] DEBUG io.netty.buffer.PooledByteBufAllocator - -Dio.netty.allocator.maxCachedBufferCapacity: 32768
14:28:46.322 [main] DEBUG io.netty.buffer.PooledByteBufAllocator - -Dio.netty.allocator.cacheTrimInterval: 8192
14:28:46.323 [main] DEBUG io.netty.buffer.PooledByteBufAllocator - -Dio.netty.allocator.cacheTrimIntervalMillis: 0
14:28:46.323 [main] DEBUG io.netty.buffer.PooledByteBufAllocator - -Dio.netty.allocator.useCacheForAllThreads: true
14:28:46.324 [main] DEBUG io.netty.buffer.PooledByteBufAllocator - -Dio.netty.allocator.maxCachedByteBuffersPerChunk: 1023
14:28:46.374 [main] DEBUG io.netty.buffer.ByteBufUtil - -Dio.netty.allocator.type: pooled
14:28:46.375 [main] DEBUG io.netty.buffer.ByteBufUtil - -Dio.netty.threadLocalDirectBufferSize: 0
14:28:46.375 [main] DEBUG io.netty.buffer.ByteBufUtil - -Dio.netty.maxThreadLocalCharBufferSize: 16384
14:28:48.300 [Forwarding newSession on session null to remote] DEBUG io.netty.channel.DefaultChannelId - -Dio.netty.processId: 5396 (auto-detected)
14:28:48.307 [Forwarding newSession on session null to remote] DEBUG io.netty.util.NetUtil - -Djava.net.preferIPv4Stack: false
14:28:48.307 [Forwarding newSession on session null to remote] DEBUG io.netty.util.NetUtil - -Djava.net.preferIPv6Addresses: false
14:28:48.443 [Forwarding newSession on session null to remote] DEBUG io.netty.util.NetUtilInitializations - Loopback interface: lo (Software Loopback Interface 1, 127.0.0.1)
14:28:48.448 [Forwarding newSession on session null to remote] DEBUG io.netty.util.NetUtil - Failed to get SOMAXCONN from sysctl and file \proc\sys\net\core\somaxconn. Default: 200
14:28:48.613 [Forwarding newSession on session null to remote] DEBUG io.netty.channel.DefaultChannelId - -Dio.netty.machineId: 28:e3:47:ff:fe:c6:9f:08 (auto-detected)
14:28:48.834 [AsyncHttpClient-1-2] DEBUG io.netty.buffer.AbstractByteBuf - -Dio.netty.buffer.checkAccessible: true
14:28:48.835 [AsyncHttpClient-1-2] DEBUG io.netty.buffer.AbstractByteBuf - -Dio.netty.buffer.checkBounds: true
14:28:48.836 [AsyncHttpClient-1-2] DEBUG io.netty.util.ResourceLeakDetectorFactory - Loaded default ResourceLeakDetector: io.netty.util.ResourceLeakDetector@3605fca1
14:28:48.951 [AsyncHttpClient-1-2] DEBUG io.netty.util.Recycler - -Dio.netty.recycler.maxCapacityPerThread: 4096
14:28:48.951 [AsyncHttpClient-1-2] DEBUG io.netty.util.Recycler - -Dio.netty.recycler.maxSharedCapacityFactor: 2
14:28:48.953 [AsyncHttpClient-1-2] DEBUG io.netty.util.Recycler - -Dio.netty.recycler.linkCapacity: 16
14:28:48.957 [AsyncHttpClient-1-2] DEBUG io.netty.util.Recycler - -Dio.netty.recycler.ratio: 8
14:28:48.957 [AsyncHttpClient-1-2] DEBUG io.netty.util.Recycler - -Dio.netty.recycler.delayedQueue.ratio: 8
14:28:53.798 [main] DEBUG io.netty.util.internal.ThreadLocalRandom - -Dio.netty.initialSeedUniquifier: 0xabd321962c0629aa
14:28:57.901 [main] INFO  testCases.TC_003_LoginDDT -  Starting TC_003_LoginDDT 
14:29:00.075 [main] INFO  testCases.TC_003_LoginDDT - Home Page Displayed 
14:29:01.330 [main] INFO  testCases.TC_003_LoginDDT - Clicked on My Account 
14:29:02.281 [main] INFO  testCases.TC_003_LoginDDT - Clicked on Login 
14:29:02.703 [main] INFO  testCases.TC_003_LoginDDT - Provided Email 
14:29:02.969 [main] INFO  testCases.TC_003_LoginDDT - Provided Password 
14:29:04.541 [main] INFO  testCases.TC_003_LoginDDT - Clicked on Login
14:29:04.702 [main] INFO  testCases.TC_003_LoginDDT - Login Success 
14:29:06.156 [main] INFO  testCases.TC_003_LoginDDT -  Finished TC_003_LoginDDT 
14:29:06.228 [main] INFO  testCases.TC_003_LoginDDT -  Starting TC_003_LoginDDT 
14:29:07.124 [main] INFO  testCases.TC_003_LoginDDT - Home Page Displayed 
14:29:07.362 [main] INFO  testCases.TC_003_LoginDDT - Clicked on My Account 
14:29:08.256 [main] INFO  testCases.TC_003_LoginDDT - Clicked on Login 
14:29:08.644 [main] INFO  testCases.TC_003_LoginDDT - Provided Email 
14:29:08.852 [main] INFO  testCases.TC_003_LoginDDT - Provided Password 
14:29:09.923 [main] INFO  testCases.TC_003_LoginDDT - Clicked on Login
14:29:20.040 [main] ERROR testCases.TC_003_LoginDDT - Login Failed 
14:29:20.041 [main] INFO  testCases.TC_003_LoginDDT -  Finished TC_003_LoginDDT 
14:29:20.056 [main] INFO  testCases.TC_003_LoginDDT -  Starting TC_003_LoginDDT 
14:29:21.328 [main] INFO  testCases.TC_003_LoginDDT - Home Page Displayed 
14:29:21.566 [main] INFO  testCases.TC_003_LoginDDT - Clicked on My Account 
14:29:22.428 [main] INFO  testCases.TC_003_LoginDDT - Clicked on Login 
14:29:22.702 [main] INFO  testCases.TC_003_LoginDDT - Provided Email 
14:29:22.887 [main] INFO  testCases.TC_003_LoginDDT - Provided Password 
14:29:24.197 [main] INFO  testCases.TC_003_LoginDDT - Clicked on Login
14:29:34.317 [main] ERROR testCases.TC_003_LoginDDT - Login Failed 
14:29:34.317 [main] INFO  testCases.TC_003_LoginDDT -  Finished TC_003_LoginDDT 
14:29:34.341 [main] INFO  testCases.TC_003_LoginDDT -  Starting TC_003_LoginDDT 
14:29:36.041 [main] INFO  testCases.TC_003_LoginDDT - Home Page Displayed 
14:29:36.345 [main] INFO  testCases.TC_003_LoginDDT - Clicked on My Account 
14:29:37.234 [main] INFO  testCases.TC_003_LoginDDT - Clicked on Login 
14:29:37.540 [main] INFO  testCases.TC_003_LoginDDT - Provided Email 
14:29:37.725 [main] INFO  testCases.TC_003_LoginDDT - Provided Password 
14:29:38.707 [main] INFO  testCases.TC_003_LoginDDT - Clicked on Login
14:29:48.754 [main] ERROR testCases.TC_003_LoginDDT - Login Failed 
14:29:48.755 [main] INFO  testCases.TC_003_LoginDDT -  Finished TC_003_LoginDDT 
14:29:48.801 [AsyncHttpClient-1-4] TRACE io.netty.handler.codec.http.websocketx.WebSocket08FrameEncoder - Encoding WebSocket Frame opCode=8 length=26
14:29:52.063 [AsyncHttpClient-1-2] DEBUG io.netty.buffer.PoolThreadCache - Freed 28 thread-local buffer(s) from thread: AsyncHttpClient-1-2
15:27:35.817 [main] DEBUG io.netty.util.internal.logging.InternalLoggerFactory - Using Log4J2 as the default logging framework
15:27:35.858 [main] DEBUG io.netty.util.ResourceLeakDetector - -Dio.netty.leakDetection.level: simple
15:27:35.859 [main] DEBUG io.netty.util.ResourceLeakDetector - -Dio.netty.leakDetection.targetRecords: 4
15:27:35.875 [main] DEBUG io.netty.util.ResourceLeakDetectorFactory - Loaded default ResourceLeakDetector: io.netty.util.ResourceLeakDetector@5a62b2a4
15:27:35.947 [main] DEBUG io.netty.util.internal.PlatformDependent - Platform: Windows
15:27:35.953 [main] DEBUG io.netty.util.internal.PlatformDependent0 - -Dio.netty.noUnsafe: false
15:27:35.953 [main] DEBUG io.netty.util.internal.PlatformDependent0 - Java version: 8
15:27:35.958 [main] DEBUG io.netty.util.internal.PlatformDependent0 - sun.misc.Unsafe.theUnsafe: available
15:27:35.960 [main] DEBUG io.netty.util.internal.PlatformDependent0 - sun.misc.Unsafe.copyMemory: available
15:27:35.963 [main] DEBUG io.netty.util.internal.PlatformDependent0 - java.nio.Buffer.address: available
15:27:35.965 [main] DEBUG io.netty.util.internal.PlatformDependent0 - direct buffer constructor: available
15:27:35.969 [main] DEBUG io.netty.util.internal.PlatformDependent0 - java.nio.Bits.unaligned: available, true
15:27:35.969 [main] DEBUG io.netty.util.internal.PlatformDependent0 - jdk.internal.misc.Unsafe.allocateUninitializedArray(int): unavailable prior to Java9
15:27:35.970 [main] DEBUG io.netty.util.internal.PlatformDependent0 - java.nio.DirectByteBuffer.<init>(long, int): available
15:27:35.970 [main] DEBUG io.netty.util.internal.PlatformDependent - sun.misc.Unsafe: available
15:27:35.972 [main] DEBUG io.netty.util.internal.PlatformDependent - -Dio.netty.tmpdir: C:\Users\Julius\AppData\Local\Temp (java.io.tmpdir)
15:27:35.973 [main] DEBUG io.netty.util.internal.PlatformDependent - -Dio.netty.bitMode: 64 (sun.arch.data.model)
15:27:35.977 [main] DEBUG io.netty.util.internal.PlatformDependent - -Dio.netty.maxDirectMemory: 928514048 bytes
15:27:35.977 [main] DEBUG io.netty.util.internal.PlatformDependent - -Dio.netty.uninitializedArrayAllocationThreshold: -1
15:27:35.981 [main] DEBUG io.netty.util.internal.CleanerJava6 - java.nio.ByteBuffer.cleaner(): available
15:27:35.982 [main] DEBUG io.netty.util.internal.PlatformDependent - -Dio.netty.noPreferDirect: false
15:27:36.016 [main] DEBUG io.netty.util.internal.PlatformDependent - org.jctools-core.MpscChunkedArrayQueue: available
15:27:36.091 [main] DEBUG io.netty.util.internal.InternalThreadLocalMap - -Dio.netty.threadLocalMap.stringBuilder.initialSize: 1024
15:27:36.091 [main] DEBUG io.netty.util.internal.InternalThreadLocalMap - -Dio.netty.threadLocalMap.stringBuilder.maxSize: 4096
15:27:36.142 [main] DEBUG io.netty.handler.ssl.JdkSslContext - Default protocols (JDK): [TLSv1.2, TLSv1.1, TLSv1] 
15:27:36.142 [main] DEBUG io.netty.handler.ssl.JdkSslContext - Default cipher suites (JDK): [TLS_ECDHE_ECDSA_WITH_AES_256_GCM_SHA384, TLS_ECDHE_ECDSA_WITH_AES_128_GCM_SHA256, TLS_ECDHE_RSA_WITH_AES_128_GCM_SHA256, TLS_ECDHE_RSA_WITH_AES_256_GCM_SHA384, TLS_ECDHE_RSA_WITH_AES_128_CBC_SHA, TLS_ECDHE_RSA_WITH_AES_256_CBC_SHA, TLS_RSA_WITH_AES_128_GCM_SHA256, TLS_RSA_WITH_AES_128_CBC_SHA, TLS_RSA_WITH_AES_256_CBC_SHA]
15:27:36.258 [main] DEBUG io.netty.channel.MultithreadEventLoopGroup - -Dio.netty.eventLoopThreads: 8
15:27:36.297 [main] DEBUG io.netty.channel.nio.NioEventLoop - -Dio.netty.noKeySetOptimization: false
15:27:36.297 [main] DEBUG io.netty.channel.nio.NioEventLoop - -Dio.netty.selectorAutoRebuildThreshold: 512
15:27:36.336 [main] TRACE io.netty.channel.nio.NioEventLoop - instrumented a special java.util.Set into: sun.nio.ch.WindowsSelectorImpl@1e8823d2
15:27:36.341 [main] TRACE io.netty.channel.nio.NioEventLoop - instrumented a special java.util.Set into: sun.nio.ch.WindowsSelectorImpl@130a0f66
15:27:36.344 [main] TRACE io.netty.channel.nio.NioEventLoop - instrumented a special java.util.Set into: sun.nio.ch.WindowsSelectorImpl@4c432866
15:27:36.347 [main] TRACE io.netty.channel.nio.NioEventLoop - instrumented a special java.util.Set into: sun.nio.ch.WindowsSelectorImpl@12365c88
15:27:36.350 [main] TRACE io.netty.channel.nio.NioEventLoop - instrumented a special java.util.Set into: sun.nio.ch.WindowsSelectorImpl@6105f8a3
15:27:36.354 [main] TRACE io.netty.channel.nio.NioEventLoop - instrumented a special java.util.Set into: sun.nio.ch.WindowsSelectorImpl@2237bada
15:27:36.357 [main] TRACE io.netty.channel.nio.NioEventLoop - instrumented a special java.util.Set into: sun.nio.ch.WindowsSelectorImpl@77e2a6e2
15:27:36.361 [main] TRACE io.netty.channel.nio.NioEventLoop - instrumented a special java.util.Set into: sun.nio.ch.WindowsSelectorImpl@5710768a
15:27:36.444 [main] DEBUG io.netty.buffer.PooledByteBufAllocator - -Dio.netty.allocator.numHeapArenas: 8
15:27:36.444 [main] DEBUG io.netty.buffer.PooledByteBufAllocator - -Dio.netty.allocator.numDirectArenas: 8
15:27:36.445 [main] DEBUG io.netty.buffer.PooledByteBufAllocator - -Dio.netty.allocator.pageSize: 8192
15:27:36.445 [main] DEBUG io.netty.buffer.PooledByteBufAllocator - -Dio.netty.allocator.maxOrder: 11
15:27:36.445 [main] DEBUG io.netty.buffer.PooledByteBufAllocator - -Dio.netty.allocator.chunkSize: 16777216
15:27:36.445 [main] DEBUG io.netty.buffer.PooledByteBufAllocator - -Dio.netty.allocator.smallCacheSize: 256
15:27:36.445 [main] DEBUG io.netty.buffer.PooledByteBufAllocator - -Dio.netty.allocator.normalCacheSize: 64
15:27:36.445 [main] DEBUG io.netty.buffer.PooledByteBufAllocator - -Dio.netty.allocator.maxCachedBufferCapacity: 32768
15:27:36.446 [main] DEBUG io.netty.buffer.PooledByteBufAllocator - -Dio.netty.allocator.cacheTrimInterval: 8192
15:27:36.446 [main] DEBUG io.netty.buffer.PooledByteBufAllocator - -Dio.netty.allocator.cacheTrimIntervalMillis: 0
15:27:36.447 [main] DEBUG io.netty.buffer.PooledByteBufAllocator - -Dio.netty.allocator.useCacheForAllThreads: true
15:27:36.447 [main] DEBUG io.netty.buffer.PooledByteBufAllocator - -Dio.netty.allocator.maxCachedByteBuffersPerChunk: 1023
15:27:36.485 [main] DEBUG io.netty.buffer.ByteBufUtil - -Dio.netty.allocator.type: pooled
15:27:36.485 [main] DEBUG io.netty.buffer.ByteBufUtil - -Dio.netty.threadLocalDirectBufferSize: 0
15:27:36.485 [main] DEBUG io.netty.buffer.ByteBufUtil - -Dio.netty.maxThreadLocalCharBufferSize: 16384
15:27:38.302 [Forwarding newSession on session null to remote] DEBUG io.netty.channel.DefaultChannelId - -Dio.netty.processId: 6080 (auto-detected)
15:27:38.308 [Forwarding newSession on session null to remote] DEBUG io.netty.util.NetUtil - -Djava.net.preferIPv4Stack: false
15:27:38.308 [Forwarding newSession on session null to remote] DEBUG io.netty.util.NetUtil - -Djava.net.preferIPv6Addresses: false
15:27:38.445 [Forwarding newSession on session null to remote] DEBUG io.netty.util.NetUtilInitializations - Loopback interface: lo (Software Loopback Interface 1, 127.0.0.1)
15:27:38.449 [Forwarding newSession on session null to remote] DEBUG io.netty.util.NetUtil - Failed to get SOMAXCONN from sysctl and file \proc\sys\net\core\somaxconn. Default: 200
15:27:38.620 [Forwarding newSession on session null to remote] DEBUG io.netty.channel.DefaultChannelId - -Dio.netty.machineId: 28:e3:47:ff:fe:c6:9f:08 (auto-detected)
15:27:38.909 [AsyncHttpClient-1-2] DEBUG io.netty.buffer.AbstractByteBuf - -Dio.netty.buffer.checkAccessible: true
15:27:38.911 [AsyncHttpClient-1-2] DEBUG io.netty.buffer.AbstractByteBuf - -Dio.netty.buffer.checkBounds: true
15:27:38.911 [AsyncHttpClient-1-2] DEBUG io.netty.util.ResourceLeakDetectorFactory - Loaded default ResourceLeakDetector: io.netty.util.ResourceLeakDetector@a965fd5
15:27:39.040 [AsyncHttpClient-1-2] DEBUG io.netty.util.Recycler - -Dio.netty.recycler.maxCapacityPerThread: 4096
15:27:39.041 [AsyncHttpClient-1-2] DEBUG io.netty.util.Recycler - -Dio.netty.recycler.maxSharedCapacityFactor: 2
15:27:39.043 [AsyncHttpClient-1-2] DEBUG io.netty.util.Recycler - -Dio.netty.recycler.linkCapacity: 16
15:27:39.043 [AsyncHttpClient-1-2] DEBUG io.netty.util.Recycler - -Dio.netty.recycler.ratio: 8
15:27:39.044 [AsyncHttpClient-1-2] DEBUG io.netty.util.Recycler - -Dio.netty.recycler.delayedQueue.ratio: 8
15:27:50.362 [main] DEBUG io.netty.util.internal.ThreadLocalRandom - -Dio.netty.initialSeedUniquifier: 0x27d8be54e436d088
15:27:50.602 [main] INFO  testCases.TC_001_Registration - Test stared
15:28:17.438 [main] INFO  testCases.TC_001_Registration - Opening thehomepage
15:28:19.210 [main] INFO  testCases.TC_001_Registration - Click on Register
15:28:19.506 [main] INFO  testCases.TC_001_Registration - FirstName entered
15:28:19.787 [main] INFO  testCases.TC_001_Registration - Surname entered
15:28:20.105 [main] INFO  testCases.TC_001_Registration - email entered
15:28:20.583 [main] INFO  testCases.TC_001_Registration -  password  entered
15:28:20.894 [main] INFO  testCases.TC_001_Registration - Telephone number entered
15:28:21.110 [main] INFO  testCases.TC_001_Registration - Privacy policy clicked
15:28:23.389 [main] INFO  testCases.TC_001_Registration - Continue button clicked
15:28:23.787 [main] INFO  testCases.TC_001_Registration - Homepage confirmed
15:28:23.788 [main] INFO  testCases.TC_001_Registration - Account Registration successful
15:28:23.800 [main] INFO  testCases.TC_001_Registration - Finished TC_001_AccountRegistration
15:28:28.245 [main] INFO  testCases.TC_002_LoginPage - test started
15:28:43.754 [main] INFO  testCases.TC_002_LoginPage - Home page displayed
15:28:44.655 [main] INFO  testCases.TC_002_LoginPage - my account link clicked
15:28:45.754 [main] INFO  testCases.TC_002_LoginPage - Login link clicked
15:28:46.190 [main] INFO  testCases.TC_002_LoginPage - email entered
15:28:46.421 [main] INFO  testCases.TC_002_LoginPage - password entered
15:28:48.712 [main] INFO  testCases.TC_002_LoginPage - Login success
19:11:03.602 [main] DEBUG io.netty.util.internal.logging.InternalLoggerFactory - Using Log4J2 as the default logging framework
19:11:04.016 [main] DEBUG io.netty.util.ResourceLeakDetector - -Dio.netty.leakDetection.level: simple
19:11:04.016 [main] DEBUG io.netty.util.ResourceLeakDetector - -Dio.netty.leakDetection.targetRecords: 4
19:11:04.069 [main] DEBUG io.netty.util.ResourceLeakDetectorFactory - Loaded default ResourceLeakDetector: io.netty.util.ResourceLeakDetector@182f1e9a
19:11:04.384 [main] DEBUG io.netty.util.internal.PlatformDependent - Platform: Windows
19:11:04.407 [main] DEBUG io.netty.util.internal.PlatformDependent0 - -Dio.netty.noUnsafe: false
19:11:04.407 [main] DEBUG io.netty.util.internal.PlatformDependent0 - Java version: 8
19:11:04.413 [main] DEBUG io.netty.util.internal.PlatformDependent0 - sun.misc.Unsafe.theUnsafe: available
19:11:04.416 [main] DEBUG io.netty.util.internal.PlatformDependent0 - sun.misc.Unsafe.copyMemory: available
19:11:04.419 [main] DEBUG io.netty.util.internal.PlatformDependent0 - java.nio.Buffer.address: available
19:11:04.421 [main] DEBUG io.netty.util.internal.PlatformDependent0 - direct buffer constructor: available
19:11:04.433 [main] DEBUG io.netty.util.internal.PlatformDependent0 - java.nio.Bits.unaligned: available, true
19:11:04.433 [main] DEBUG io.netty.util.internal.PlatformDependent0 - jdk.internal.misc.Unsafe.allocateUninitializedArray(int): unavailable prior to Java9
19:11:04.434 [main] DEBUG io.netty.util.internal.PlatformDependent0 - java.nio.DirectByteBuffer.<init>(long, int): available
19:11:04.434 [main] DEBUG io.netty.util.internal.PlatformDependent - sun.misc.Unsafe: available
19:11:04.437 [main] DEBUG io.netty.util.internal.PlatformDependent - -Dio.netty.tmpdir: C:\Users\Julius\AppData\Local\Temp (java.io.tmpdir)
19:11:04.438 [main] DEBUG io.netty.util.internal.PlatformDependent - -Dio.netty.bitMode: 64 (sun.arch.data.model)
19:11:04.443 [main] DEBUG io.netty.util.internal.PlatformDependent - -Dio.netty.maxDirectMemory: 928514048 bytes
19:11:04.443 [main] DEBUG io.netty.util.internal.PlatformDependent - -Dio.netty.uninitializedArrayAllocationThreshold: -1
19:11:04.450 [main] DEBUG io.netty.util.internal.CleanerJava6 - java.nio.ByteBuffer.cleaner(): available
19:11:04.450 [main] DEBUG io.netty.util.internal.PlatformDependent - -Dio.netty.noPreferDirect: false
19:11:04.523 [main] DEBUG io.netty.util.internal.PlatformDependent - org.jctools-core.MpscChunkedArrayQueue: available
19:11:04.900 [main] DEBUG io.netty.util.internal.InternalThreadLocalMap - -Dio.netty.threadLocalMap.stringBuilder.initialSize: 1024
19:11:04.900 [main] DEBUG io.netty.util.internal.InternalThreadLocalMap - -Dio.netty.threadLocalMap.stringBuilder.maxSize: 4096
19:11:05.148 [main] DEBUG io.netty.handler.ssl.JdkSslContext - Default protocols (JDK): [TLSv1.2, TLSv1.1, TLSv1] 
19:11:05.149 [main] DEBUG io.netty.handler.ssl.JdkSslContext - Default cipher suites (JDK): [TLS_ECDHE_ECDSA_WITH_AES_256_GCM_SHA384, TLS_ECDHE_ECDSA_WITH_AES_128_GCM_SHA256, TLS_ECDHE_RSA_WITH_AES_128_GCM_SHA256, TLS_ECDHE_RSA_WITH_AES_256_GCM_SHA384, TLS_ECDHE_RSA_WITH_AES_128_CBC_SHA, TLS_ECDHE_RSA_WITH_AES_256_CBC_SHA, TLS_RSA_WITH_AES_128_GCM_SHA256, TLS_RSA_WITH_AES_128_CBC_SHA, TLS_RSA_WITH_AES_256_CBC_SHA]
19:11:06.454 [main] DEBUG io.netty.channel.MultithreadEventLoopGroup - -Dio.netty.eventLoopThreads: 8
19:11:06.642 [main] DEBUG io.netty.channel.nio.NioEventLoop - -Dio.netty.noKeySetOptimization: false
19:11:06.643 [main] DEBUG io.netty.channel.nio.NioEventLoop - -Dio.netty.selectorAutoRebuildThreshold: 512
19:11:06.911 [main] TRACE io.netty.channel.nio.NioEventLoop - instrumented a special java.util.Set into: sun.nio.ch.WindowsSelectorImpl@622ef26a
19:11:06.917 [main] TRACE io.netty.channel.nio.NioEventLoop - instrumented a special java.util.Set into: sun.nio.ch.WindowsSelectorImpl@28fa700e
19:11:06.923 [main] TRACE io.netty.channel.nio.NioEventLoop - instrumented a special java.util.Set into: sun.nio.ch.WindowsSelectorImpl@3d526ad9
19:11:06.928 [main] TRACE io.netty.channel.nio.NioEventLoop - instrumented a special java.util.Set into: sun.nio.ch.WindowsSelectorImpl@e041f0c
19:11:06.932 [main] TRACE io.netty.channel.nio.NioEventLoop - instrumented a special java.util.Set into: sun.nio.ch.WindowsSelectorImpl@6a175569
19:11:06.936 [main] TRACE io.netty.channel.nio.NioEventLoop - instrumented a special java.util.Set into: sun.nio.ch.WindowsSelectorImpl@11963225
19:11:06.942 [main] TRACE io.netty.channel.nio.NioEventLoop - instrumented a special java.util.Set into: sun.nio.ch.WindowsSelectorImpl@3f3c966c
19:11:06.946 [main] TRACE io.netty.channel.nio.NioEventLoop - instrumented a special java.util.Set into: sun.nio.ch.WindowsSelectorImpl@11ee02f8
19:11:07.291 [main] DEBUG io.netty.buffer.PooledByteBufAllocator - -Dio.netty.allocator.numHeapArenas: 8
19:11:07.291 [main] DEBUG io.netty.buffer.PooledByteBufAllocator - -Dio.netty.allocator.numDirectArenas: 8
19:11:07.291 [main] DEBUG io.netty.buffer.PooledByteBufAllocator - -Dio.netty.allocator.pageSize: 8192
19:11:07.292 [main] DEBUG io.netty.buffer.PooledByteBufAllocator - -Dio.netty.allocator.maxOrder: 11
19:11:07.292 [main] DEBUG io.netty.buffer.PooledByteBufAllocator - -Dio.netty.allocator.chunkSize: 16777216
19:11:07.292 [main] DEBUG io.netty.buffer.PooledByteBufAllocator - -Dio.netty.allocator.smallCacheSize: 256
19:11:07.292 [main] DEBUG io.netty.buffer.PooledByteBufAllocator - -Dio.netty.allocator.normalCacheSize: 64
19:11:07.292 [main] DEBUG io.netty.buffer.PooledByteBufAllocator - -Dio.netty.allocator.maxCachedBufferCapacity: 32768
19:11:07.292 [main] DEBUG io.netty.buffer.PooledByteBufAllocator - -Dio.netty.allocator.cacheTrimInterval: 8192
19:11:07.293 [main] DEBUG io.netty.buffer.PooledByteBufAllocator - -Dio.netty.allocator.cacheTrimIntervalMillis: 0
19:11:07.293 [main] DEBUG io.netty.buffer.PooledByteBufAllocator - -Dio.netty.allocator.useCacheForAllThreads: true
19:11:07.294 [main] DEBUG io.netty.buffer.PooledByteBufAllocator - -Dio.netty.allocator.maxCachedByteBuffersPerChunk: 1023
19:11:07.417 [main] DEBUG io.netty.buffer.ByteBufUtil - -Dio.netty.allocator.type: pooled
19:11:07.417 [main] DEBUG io.netty.buffer.ByteBufUtil - -Dio.netty.threadLocalDirectBufferSize: 0
19:11:07.418 [main] DEBUG io.netty.buffer.ByteBufUtil - -Dio.netty.maxThreadLocalCharBufferSize: 16384
19:11:16.925 [Forwarding newSession on session null to remote] DEBUG io.netty.channel.DefaultChannelId - -Dio.netty.processId: 10732 (auto-detected)
19:11:16.932 [Forwarding newSession on session null to remote] DEBUG io.netty.util.NetUtil - -Djava.net.preferIPv4Stack: false
19:11:16.932 [Forwarding newSession on session null to remote] DEBUG io.netty.util.NetUtil - -Djava.net.preferIPv6Addresses: false
19:11:17.173 [Forwarding newSession on session null to remote] DEBUG io.netty.util.NetUtilInitializations - Loopback interface: lo (Software Loopback Interface 1, 127.0.0.1)
19:11:17.177 [Forwarding newSession on session null to remote] DEBUG io.netty.util.NetUtil - Failed to get SOMAXCONN from sysctl and file \proc\sys\net\core\somaxconn. Default: 200
19:11:17.480 [Forwarding newSession on session null to remote] DEBUG io.netty.channel.DefaultChannelId - -Dio.netty.machineId: 28:e3:47:ff:fe:c6:9f:08 (auto-detected)
19:11:18.711 [AsyncHttpClient-1-2] DEBUG io.netty.buffer.AbstractByteBuf - -Dio.netty.buffer.checkAccessible: true
19:11:18.713 [AsyncHttpClient-1-2] DEBUG io.netty.buffer.AbstractByteBuf - -Dio.netty.buffer.checkBounds: true
19:11:18.713 [AsyncHttpClient-1-2] DEBUG io.netty.util.ResourceLeakDetectorFactory - Loaded default ResourceLeakDetector: io.netty.util.ResourceLeakDetector@75fa4297
19:11:20.695 [AsyncHttpClient-1-2] DEBUG io.netty.util.Recycler - -Dio.netty.recycler.maxCapacityPerThread: 4096
19:11:20.696 [AsyncHttpClient-1-2] DEBUG io.netty.util.Recycler - -Dio.netty.recycler.maxSharedCapacityFactor: 2
19:11:20.696 [AsyncHttpClient-1-2] DEBUG io.netty.util.Recycler - -Dio.netty.recycler.linkCapacity: 16
19:11:20.697 [AsyncHttpClient-1-2] DEBUG io.netty.util.Recycler - -Dio.netty.recycler.ratio: 8
19:11:20.697 [AsyncHttpClient-1-2] DEBUG io.netty.util.Recycler - -Dio.netty.recycler.delayedQueue.ratio: 8
19:13:30.022 [main] DEBUG io.netty.util.internal.logging.InternalLoggerFactory - Using Log4J2 as the default logging framework
19:13:30.163 [main] DEBUG io.netty.util.ResourceLeakDetector - -Dio.netty.leakDetection.level: simple
19:13:30.164 [main] DEBUG io.netty.util.ResourceLeakDetector - -Dio.netty.leakDetection.targetRecords: 4
19:13:30.194 [main] DEBUG io.netty.util.ResourceLeakDetectorFactory - Loaded default ResourceLeakDetector: io.netty.util.ResourceLeakDetector@5316e95f
19:13:30.440 [main] DEBUG io.netty.util.internal.PlatformDependent - Platform: Windows
19:13:30.452 [main] DEBUG io.netty.util.internal.PlatformDependent0 - -Dio.netty.noUnsafe: false
19:13:30.454 [main] DEBUG io.netty.util.internal.PlatformDependent0 - Java version: 8
19:13:30.499 [main] DEBUG io.netty.util.internal.PlatformDependent0 - sun.misc.Unsafe.theUnsafe: available
19:13:30.503 [main] DEBUG io.netty.util.internal.PlatformDependent0 - sun.misc.Unsafe.copyMemory: available
19:13:30.505 [main] DEBUG io.netty.util.internal.PlatformDependent0 - java.nio.Buffer.address: available
19:13:30.508 [main] DEBUG io.netty.util.internal.PlatformDependent0 - direct buffer constructor: available
19:13:30.511 [main] DEBUG io.netty.util.internal.PlatformDependent0 - java.nio.Bits.unaligned: available, true
19:13:30.512 [main] DEBUG io.netty.util.internal.PlatformDependent0 - jdk.internal.misc.Unsafe.allocateUninitializedArray(int): unavailable prior to Java9
19:13:30.512 [main] DEBUG io.netty.util.internal.PlatformDependent0 - java.nio.DirectByteBuffer.<init>(long, int): available
19:13:30.513 [main] DEBUG io.netty.util.internal.PlatformDependent - sun.misc.Unsafe: available
19:13:30.590 [main] DEBUG io.netty.util.internal.PlatformDependent - -Dio.netty.tmpdir: C:\Users\Julius\AppData\Local\Temp (java.io.tmpdir)
19:13:30.591 [main] DEBUG io.netty.util.internal.PlatformDependent - -Dio.netty.bitMode: 64 (sun.arch.data.model)
19:13:30.595 [main] DEBUG io.netty.util.internal.PlatformDependent - -Dio.netty.maxDirectMemory: 928514048 bytes
19:13:30.595 [main] DEBUG io.netty.util.internal.PlatformDependent - -Dio.netty.uninitializedArrayAllocationThreshold: -1
19:13:30.600 [main] DEBUG io.netty.util.internal.CleanerJava6 - java.nio.ByteBuffer.cleaner(): available
19:13:30.600 [main] DEBUG io.netty.util.internal.PlatformDependent - -Dio.netty.noPreferDirect: false
19:13:30.650 [main] DEBUG io.netty.util.internal.PlatformDependent - org.jctools-core.MpscChunkedArrayQueue: available
19:13:30.848 [main] DEBUG io.netty.util.internal.InternalThreadLocalMap - -Dio.netty.threadLocalMap.stringBuilder.initialSize: 1024
19:13:30.848 [main] DEBUG io.netty.util.internal.InternalThreadLocalMap - -Dio.netty.threadLocalMap.stringBuilder.maxSize: 4096
19:13:31.574 [main] DEBUG io.netty.handler.ssl.JdkSslContext - Default protocols (JDK): [TLSv1.2, TLSv1.1, TLSv1] 
19:13:31.574 [main] DEBUG io.netty.handler.ssl.JdkSslContext - Default cipher suites (JDK): [TLS_ECDHE_ECDSA_WITH_AES_256_GCM_SHA384, TLS_ECDHE_ECDSA_WITH_AES_128_GCM_SHA256, TLS_ECDHE_RSA_WITH_AES_128_GCM_SHA256, TLS_ECDHE_RSA_WITH_AES_256_GCM_SHA384, TLS_ECDHE_RSA_WITH_AES_128_CBC_SHA, TLS_ECDHE_RSA_WITH_AES_256_CBC_SHA, TLS_RSA_WITH_AES_128_GCM_SHA256, TLS_RSA_WITH_AES_128_CBC_SHA, TLS_RSA_WITH_AES_256_CBC_SHA]
19:13:31.730 [main] DEBUG io.netty.channel.MultithreadEventLoopGroup - -Dio.netty.eventLoopThreads: 8
19:13:32.201 [main] DEBUG io.netty.channel.nio.NioEventLoop - -Dio.netty.noKeySetOptimization: false
